23:13:12 [content] Syncing content
23:13:12 [content] Synced content
23:13:12 [types] Generated 692ms
23:13:12 [check] Getting diagnostics for Astro files in /Users/fakhirbaig/Documents/GitHub/circuit diagram maker...
[96m_legacy_editor/js/app.js[0m:[93m11[0m:[93m10[0m - [93mwarning[0m[90m ts(6133): [0m'CATEGORIES' is declared but its value is never read.

[7m11[0m import { CATEGORIES, categoryMap } from './components.js';
[7m  [0m [93m         ~~~~~~~~~~[0m

[96m_legacy_editor/js/circuit.js[0m:[93m5[0m:[93m22[0m - [93mwarning[0m[90m ts(6133): [0m'deepClone' is declared but its value is never read.

[7m5[0m import { generateId, deepClone } from './utils.js';
[7m [0m [93m                     ~~~~~~~~~[0m

[96m_legacy_editor/js/components.js[0m:[93m20[0m:[93m31[0m - [93mwarning[0m[90m ts(6133): [0m'right' is declared but its value is never read.

[7m20[0m function drawLeads(ctx, left, right, y = 0) {
[7m  [0m [93m                              ~~~~~[0m
[96m_legacy_editor/js/components.js[0m:[93m20[0m:[93m10[0m - [93mwarning[0m[90m ts(6133): [0m'drawLeads' is declared but its value is never read.

[7m20[0m function drawLeads(ctx, left, right, y = 0) {
[7m  [0m [93m         ~~~~~~~~~[0m
[96m_legacy_editor/js/components.js[0m:[93m18[0m:[93m7[0m - [93mwarning[0m[90m ts(6133): [0m'S' is declared but its value is never read.

[7m18[0m const S = 2; // stroke width
[7m  [0m [93m      ~[0m

[96m_legacy_editor/js/io.js[0m:[93m151[0m:[93m13[0m - [93mwarning[0m[90m ts(6133): [0m'currentPath' is declared but its value is never read.

[7m151[0m         let currentPath = [];
[7m   [0m [93m            ~~~~~~~~~~~[0m
[96m_legacy_editor/js/io.js[0m:[93m150[0m:[93m15[0m - [93mwarning[0m[90m ts(6133): [0m'paths' is declared but its value is never read.

[7m150[0m         const paths = [];
[7m   [0m [93m              ~~~~~[0m
[96m_legacy_editor/js/io.js[0m:[93m5[0m:[93m1[0m - [93mwarning[0m[90m ts(6133): [0m'componentMap' is declared but its value is never read.

[7m5[0m import { componentMap } from './components.js';
[7m [0m [93m~~~~~~~~~~~~~~~~~~~~~~~~~~~~~~~~~~~~~~~~~~~~~~~[0m

[96m_legacy_editor/js/tools.js[0m:[93m379[0m:[93m17[0m - [93mwarning[0m[90m ts(6133): [0m'e' is declared but its value is never read.

[7m379[0m     onMouseDown(e, wx, wy) {
[7m   [0m [93m                ~[0m
[96m_legacy_editor/js/tools.js[0m:[93m371[0m:[93m17[0m - [93mwarning[0m[90m ts(6133): [0m'e' is declared but its value is never read.

[7m371[0m     onMouseMove(e, wx, wy) {
[7m   [0m [93m                ~[0m
[96m_legacy_editor/js/tools.js[0m:[93m358[0m:[93m17[0m - [93mwarning[0m[90m ts(6133): [0m'e' is declared but its value is never read.

[7m358[0m     onMouseDown(e, wx, wy) {
[7m   [0m [93m                ~[0m
[96m_legacy_editor/js/tools.js[0m:[93m337[0m:[93m17[0m - [93mwarning[0m[90m ts(6133): [0m'e' is declared but its value is never read.

[7m337[0m     onMouseMove(e, wx, wy) {
[7m   [0m [93m                ~[0m
[96m_legacy_editor/js/tools.js[0m:[93m323[0m:[93m17[0m - [93mwarning[0m[90m ts(6133): [0m'e' is declared but its value is never read.

[7m323[0m     onMouseDown(e, wx, wy) {
[7m   [0m [93m                ~[0m
[96m_legacy_editor/js/tools.js[0m:[93m241[0m:[93m17[0m - [93mwarning[0m[90m ts(6133): [0m'e' is declared but its value is never read.

[7m241[0m     onMouseMove(e, wx, wy) {
[7m   [0m [93m                ~[0m
[96m_legacy_editor/js/tools.js[0m:[93m213[0m:[93m17[0m - [93mwarning[0m[90m ts(6133): [0m'e' is declared but its value is never read.

[7m213[0m     onMouseDown(e, wx, wy) {
[7m   [0m [93m                ~[0m
[96m_legacy_editor/js/tools.js[0m:[93m167[0m:[93m22[0m - [93mwarning[0m[90m ts(6133): [0m'wy' is declared but its value is never read.

[7m167[0m     onMouseUp(e, wx, wy) {
[7m   [0m [93m                     ~~[0m
[96m_legacy_editor/js/tools.js[0m:[93m167[0m:[93m18[0m - [93mwarning[0m[90m ts(6133): [0m'wx' is declared but its value is never read.

[7m167[0m     onMouseUp(e, wx, wy) {
[7m   [0m [93m                 ~~[0m
[96m_legacy_editor/js/tools.js[0m:[93m167[0m:[93m15[0m - [93mwarning[0m[90m ts(6133): [0m'e' is declared but its value is never read.

[7m167[0m     onMouseUp(e, wx, wy) {
[7m   [0m [93m              ~[0m
[96m_legacy_editor/js/tools.js[0m:[93m136[0m:[93m17[0m - [93mwarning[0m[90m ts(6133): [0m'e' is declared but its value is never read.

[7m136[0m     onMouseMove(e, wx, wy, sx, sy) {
[7m   [0m [93m                ~[0m
[96m_legacy_editor/js/tools.js[0m:[93m103[0m:[93m15[0m - [93mwarning[0m[90m ts(6133): [0m'terminal' is declared but its value is never read.

[7m103[0m         const terminal = this.circuit.findTerminalAt(wx, wy);
[7m   [0m [93m              ~~~~~~~~[0m

[96m_legacy_editor/js/utils.js[0m:[93m6[0m:[93m79[0m - [93mwarning[0m[90m ts(6385): [0m'(from: number, length?: number | undefined): string' is deprecated.

[7m6[0m     return 'id_' + Date.now().toString(36) + '_' + Math.random().toString(36).substr(2, 6);
[7m [0m [93m                                                                              ~~~~~~[0m

[96mpublic/js/app.js[0m:[93m11[0m:[93m10[0m - [93mwarning[0m[90m ts(6133): [0m'CATEGORIES' is declared but its value is never read.

[7m11[0m import { CATEGORIES, categoryMap } from './components.js';
[7m  [0m [93m         ~~~~~~~~~~[0m

[96mpublic/js/circuit.js[0m:[93m5[0m:[93m22[0m - [93mwarning[0m[90m ts(6133): [0m'deepClone' is declared but its value is never read.

[7m5[0m import { generateId, deepClone } from './utils.js';
[7m [0m [93m                     ~~~~~~~~~[0m

[96mpublic/js/components.js[0m:[93m22[0m:[93m31[0m - [93mwarning[0m[90m ts(6133): [0m'right' is declared but its value is never read.

[7m22[0m function drawLeads(ctx, left, right, y = 0) {
[7m  [0m [93m                              ~~~~~[0m
[96mpublic/js/components.js[0m:[93m22[0m:[93m10[0m - [93mwarning[0m[90m ts(6133): [0m'drawLeads' is declared but its value is never read.

[7m22[0m function drawLeads(ctx, left, right, y = 0) {
[7m  [0m [93m         ~~~~~~~~~[0m
[96mpublic/js/components.js[0m:[93m20[0m:[93m7[0m - [93mwarning[0m[90m ts(6133): [0m'S' is declared but its value is never read.

[7m20[0m const S = 2; // stroke width
[7m  [0m [93m      ~[0m

[96mpublic/js/io.js[0m:[93m153[0m:[93m13[0m - [93mwarning[0m[90m ts(6133): [0m'currentPath' is declared but its value is never read.

[7m153[0m         let currentPath = [];
[7m   [0m [93m            ~~~~~~~~~~~[0m
[96mpublic/js/io.js[0m:[93m152[0m:[93m15[0m - [93mwarning[0m[90m ts(6133): [0m'paths' is declared but its value is never read.

[7m152[0m         const paths = [];
[7m   [0m [93m              ~~~~~[0m
[96mpublic/js/io.js[0m:[93m5[0m:[93m1[0m - [93mwarning[0m[90m ts(6133): [0m'componentMap' is declared but its value is never read.

[7m5[0m import { componentMap } from './components.js';
[7m [0m [93m~~~~~~~~~~~~~~~~~~~~~~~~~~~~~~~~~~~~~~~~~~~~~~~[0m

[96mpublic/js/tools.js[0m:[93m379[0m:[93m17[0m - [93mwarning[0m[90m ts(6133): [0m'e' is declared but its value is never read.

[7m379[0m     onMouseDown(e, wx, wy) {
[7m   [0m [93m                ~[0m
[96mpublic/js/tools.js[0m:[93m371[0m:[93m17[0m - [93mwarning[0m[90m ts(6133): [0m'e' is declared but its value is never read.

[7m371[0m     onMouseMove(e, wx, wy) {
[7m   [0m [93m                ~[0m
[96mpublic/js/tools.js[0m:[93m358[0m:[93m17[0m - [93mwarning[0m[90m ts(6133): [0m'e' is declared but its value is never read.

[7m358[0m     onMouseDown(e, wx, wy) {
[7m   [0m [93m                ~[0m
[96mpublic/js/tools.js[0m:[93m337[0m:[93m17[0m - [93mwarning[0m[90m ts(6133): [0m'e' is declared but its value is never read.

[7m337[0m     onMouseMove(e, wx, wy) {
[7m   [0m [93m                ~[0m
[96mpublic/js/tools.js[0m:[93m323[0m:[93m17[0m - [93mwarning[0m[90m ts(6133): [0m'e' is declared but its value is never read.

[7m323[0m     onMouseDown(e, wx, wy) {
[7m   [0m [93m                ~[0m
[96mpublic/js/tools.js[0m:[93m241[0m:[93m17[0m - [93mwarning[0m[90m ts(6133): [0m'e' is declared but its value is never read.

[7m241[0m     onMouseMove(e, wx, wy) {
[7m   [0m [93m                ~[0m
[96mpublic/js/tools.js[0m:[93m213[0m:[93m17[0m - [93mwarning[0m[90m ts(6133): [0m'e' is declared but its value is never read.

[7m213[0m     onMouseDown(e, wx, wy) {
[7m   [0m [93m                ~[0m
[96mpublic/js/tools.js[0m:[93m167[0m:[93m22[0m - [93mwarning[0m[90m ts(6133): [0m'wy' is declared but its value is never read.

[7m167[0m     onMouseUp(e, wx, wy) {
[7m   [0m [93m                     ~~[0m
[96mpublic/js/tools.js[0m:[93m167[0m:[93m18[0m - [93mwarning[0m[90m ts(6133): [0m'wx' is declared but its value is never read.

[7m167[0m     onMouseUp(e, wx, wy) {
[7m   [0m [93m                 ~~[0m
[96mpublic/js/tools.js[0m:[93m167[0m:[93m15[0m - [93mwarning[0m[90m ts(6133): [0m'e' is declared but its value is never read.

[7m167[0m     onMouseUp(e, wx, wy) {
[7m   [0m [93m              ~[0m
[96mpublic/js/tools.js[0m:[93m136[0m:[93m17[0m - [93mwarning[0m[90m ts(6133): [0m'e' is declared but its value is never read.

[7m136[0m     onMouseMove(e, wx, wy, sx, sy) {
[7m   [0m [93m                ~[0m
[96mpublic/js/tools.js[0m:[93m103[0m:[93m15[0m - [93mwarning[0m[90m ts(6133): [0m'terminal' is declared but its value is never read.

[7m103[0m         const terminal = this.circuit.findTerminalAt(wx, wy);
[7m   [0m [93m              ~~~~~~~~[0m

[96mpublic/js/utils.js[0m:[93m6[0m:[93m79[0m - [93mwarning[0m[90m ts(6385): [0m'(from: number, length?: number | undefined): string' is deprecated.

[7m6[0m     return 'id_' + Date.now().toString(36) + '_' + Math.random().toString(36).substr(2, 6);
[7m [0m [93m                                                                              ~~~~~~[0m

[96mscratch/debug_symbols.js[0m:[93m1[0m:[93m1[0m - [93mwarning[0m[90m ts(6133): [0m'useTranslations' is declared but its value is never read.

[7m1[0m import { useTranslations } from '../src/theme/i18n.js';
[7m [0m [93m~~~~~~~~~~~~~~~~~~~~~~~~~~~~~~~~~~~~~~~~~~~~~~~~~~~~~~~[0m

[96msrc/content.config.ts[0m:[93m15[0m:[93m15[0m - [93mwarning[0m[90m ts(6385): [0m'z' is deprecated.

[7m15[0m     category: z.string().optional(),
[7m  [0m [93m              ~[0m
[96msrc/content.config.ts[0m:[93m14[0m:[93m11[0m - [93mwarning[0m[90m ts(6385): [0m'z' is deprecated.

[7m14[0m     lang: z.string().default('en'),
[7m  [0m [93m          ~[0m
[96msrc/content.config.ts[0m:[93m13[0m:[93m19[0m - [93mwarning[0m[90m ts(6385): [0m'z' is deprecated.

[7m13[0m     tags: z.array(z.string()).default([]),
[7m  [0m [93m                  ~[0m
[96msrc/content.config.ts[0m:[93m13[0m:[93m11[0m - [93mwarning[0m[90m ts(6385): [0m'z' is deprecated.

[7m13[0m     tags: z.array(z.string()).default([]),
[7m  [0m [93m          ~[0m
[96msrc/content.config.ts[0m:[93m12[0m:[93m12[0m - [93mwarning[0m[90m ts(6385): [0m'z' is deprecated.

[7m12[0m     image: z.string().optional(),
[7m  [0m [93m           ~[0m
[96msrc/content.config.ts[0m:[93m11[0m:[93m13[0m - [93mwarning[0m[90m ts(6385): [0m'z' is deprecated.

[7m11[0m     author: z.string().default('Circuit Diagram Maker Team'),
[7m  [0m [93m            ~[0m
[96msrc/content.config.ts[0m:[93m10[0m:[93m18[0m - [93mwarning[0m[90m ts(6385): [0m'z' is deprecated.

[7m10[0m     updatedDate: z.coerce.date().optional(),
[7m  [0m [93m                 ~[0m
[96msrc/content.config.ts[0m:[93m9[0m:[93m11[0m - [93mwarning[0m[90m ts(6385): [0m'z' is deprecated.

[7m9[0m     date: z.coerce.date(),
[7m [0m [93m          ~[0m
[96msrc/content.config.ts[0m:[93m8[0m:[93m18[0m - [93mwarning[0m[90m ts(6385): [0m'z' is deprecated.

[7m8[0m     description: z.string(),
[7m [0m [93m                 ~[0m
[96msrc/content.config.ts[0m:[93m7[0m:[93m12[0m - [93mwarning[0m[90m ts(6385): [0m'z' is deprecated.

[7m7[0m     title: z.string(),
[7m [0m [93m           ~[0m
[96msrc/content.config.ts[0m:[93m6[0m:[93m11[0m - [93mwarning[0m[90m ts(6385): [0m'z' is deprecated.

[7m6[0m   schema: z.object({
[7m [0m [93m          ~[0m
[96msrc/content.config.ts[0m:[93m1[0m:[93m28[0m - [93mwarning[0m[90m ts(6385): [0m'z' is deprecated.

[7m1[0m import { defineCollection, z } from 'astro:content';
[7m [0m [93m                           ~[0m

[96msrc/components/ContactForm.astro[0m:[93m64[0m:[93m15[0m - [93mwarning[0m[90m ts(6133): [0m'data' is declared but its value is never read.

[7m64[0m         const data = Object.fromEntries(formData.entries());
[7m  [0m [93m              ~~~~[0m

[96msrc/components/FAQ.astro[0m:[93m20[0m:[93m32[0m - [93mwarning[0m[90m ts(6133): [0m'index' is declared but its value is never read.

[7m20[0m       {visibleItems.map((item, index) => (
[7m  [0m [93m                               ~~~~~[0m

[96msrc/components/FeatureMatrix.astro[0m:[93m27[0m:[93m27[0m - [93mwarning[0m[90m ts(6133): [0m'index' is declared but its value is never read.

[7m27[0m           {rows.map((row, index) => (
[7m  [0m [93m                          ~~~~~[0m

[96msrc/components/Header.astro[0m:[93m57[0m:[93m15[0m - [93mwarning[0m[90m astro(4000): [0mThis script will be treated as if it has the `is:inline` directive because it contains an attribute. Therefore, features that require processing (e.g. using TypeScript or npm packages in the script) are unavailable.

See docs for more details: https://docs.astro.build/en/guides/client-side-scripts/#script-processing.

Add the `is:inline` directive explicitly to silence this hint.

[7m57[0m       <script type="application/ld+json" set:html={JSON.stringify({
[7m  [0m [93m              ~~~~[0m

[96msrc/components/InteractiveCircuitShowcase.astro[0m:[93m188[0m:[93m9[0m - [93mwarning[0m[90m astro(4000): [0mThis script will be treated as if it has the `is:inline` directive because it contains an attribute. Therefore, features that require processing (e.g. using TypeScript or npm packages in the script) are unavailable.

See docs for more details: https://docs.astro.build/en/guides/client-side-scripts/#script-processing.

Add the `is:inline` directive explicitly to silence this hint.

[7m188[0m <script define:vars={{ presets }}>
[7m   [0m [93m        ~~~~~~~~~~~[0m

[96msrc/components/blog/BlogArticleLayout.astro[0m:[93m140[0m:[93m137[0m - [91merror[0m[90m ts(2339): [0mProperty 'slug' does not exist on type '{ data: PostData; body?: string | undefined; }'.

[7m140[0m       <a href={`https://www.linkedin.com/shareArticle?mini=true&url=${encodeURIComponent('https://circuitdiagram.org' + blogPath + post.slug)}&title=${encodeURIComponent(post.data.title)}`} target="_blank" rel="noopener noreferrer" class="w-10 h-10 rounded-full bg-slate-800 flex items-center justify-center hover:bg-[#0A66C2] transition-colors text-white" aria-label="Share on LinkedIn">
[7m   [0m [91m                                                                                                                                        ~~~~[0m
[96msrc/components/blog/BlogArticleLayout.astro[0m:[93m137[0m:[93m130[0m - [91merror[0m[90m ts(2339): [0mProperty 'slug' does not exist on type '{ data: PostData; body?: string | undefined; }'.

[7m137[0m       <a href={`https://www.facebook.com/sharer/sharer.php?u=${encodeURIComponent('https://circuitdiagram.org' + blogPath + post.slug)}`} target="_blank" rel="noopener noreferrer" class="w-10 h-10 rounded-full bg-slate-800 flex items-center justify-center hover:bg-[#1877F2] transition-colors text-white" aria-label="Share on Facebook">
[7m   [0m [91m                                                                                                                                 ~~~~[0m
[96msrc/components/blog/BlogArticleLayout.astro[0m:[93m134[0m:[93m122[0m - [91merror[0m[90m ts(2339): [0mProperty 'slug' does not exist on type '{ data: PostData; body?: string | undefined; }'.

[7m134[0m       <a href={`https://twitter.com/intent/tweet?url=${encodeURIComponent('https://circuitdiagram.org' + blogPath + post.slug)}&text=${encodeURIComponent(post.data.title)}`} target="_blank" rel="noopener noreferrer" class="w-10 h-10 rounded-full bg-slate-800 flex items-center justify-center hover:bg-brand-primary transition-colors text-white" aria-label="Share on Twitter">
[7m   [0m [91m                                                                                                                         ~~~~[0m
[96msrc/components/blog/BlogArticleLayout.astro[0m:[93m120[0m:[93m111[0m - [91merror[0m[90m ts(2339): [0mProperty 'updatedDate' does not exist on type 'PostData'.

[7m120[0m              Updated: <time datetime={post.data.updatedDate.toISOString()} itemprop="dateModified">{post.data.updatedDate.toLocaleDateString('en-US', {month: 'short', day: 'numeric'})}</time>
[7m   [0m [91m                                                                                                              ~~~~~~~~~~~[0m
[96msrc/components/blog/BlogArticleLayout.astro[0m:[93m120[0m:[93m49[0m - [91merror[0m[90m ts(2339): [0mProperty 'updatedDate' does not exist on type 'PostData'.

[7m120[0m              Updated: <time datetime={post.data.updatedDate.toISOString()} itemprop="dateModified">{post.data.updatedDate.toLocaleDateString('en-US', {month: 'short', day: 'numeric'})}</time>
[7m   [0m [91m                                                ~~~~~~~~~~~[0m
[96msrc/components/blog/BlogArticleLayout.astro[0m:[93m118[0m:[93m20[0m - [91merror[0m[90m ts(2339): [0mProperty 'updatedDate' does not exist on type 'PostData'.

[7m118[0m         {post.data.updatedDate && (
[7m   [0m [91m                   ~~~~~~~~~~~[0m
[96msrc/components/blog/BlogArticleLayout.astro[0m:[93m42[0m:[93m7[0m - [93mwarning[0m[90m ts(6133): [0m'publishedDate' is declared but its value is never read.

[7m42[0m const publishedDate = post.data.date.toLocaleDateString(normalizedLocale, {
[7m  [0m [93m      ~~~~~~~~~~~~~[0m
[96msrc/components/blog/BlogArticleLayout.astro[0m:[93m41[0m:[93m7[0m - [93mwarning[0m[90m ts(6133): [0m'keyTakeaways' is declared but its value is never read.

[7m41[0m const keyTakeaways = structurePreview.slice(0, 4);
[7m  [0m [93m      ~~~~~~~~~~~~[0m
[96msrc/components/blog/BlogArticleLayout.astro[0m:[93m174[0m:[93m11[0m - [93mwarning[0m[90m astro(4000): [0mThis script will be treated as if it has the `is:inline` directive because it contains an attribute. Therefore, features that require processing (e.g. using TypeScript or npm packages in the script) are unavailable.

See docs for more details: https://docs.astro.build/en/guides/client-side-scripts/#script-processing.

Add the `is:inline` directive explicitly to silence this hint.

[7m174[0m   <script type="module">
[7m   [0m [93m          ~~~~[0m

[96msrc/components/blog/BlogInteractivePanel.astro[0m:[93m153[0m:[93m9[0m - [93mwarning[0m[90m astro(4000): [0mThis script will be treated as if it has the `is:inline` directive because it contains an attribute. Therefore, features that require processing (e.g. using TypeScript or npm packages in the script) are unavailable.

See docs for more details: https://docs.astro.build/en/guides/client-side-scripts/#script-processing.

Add the `is:inline` directive explicitly to silence this hint.

[7m153[0m <script define:vars={{ variants, initialKey }}>
[7m   [0m [93m        ~~~~~~~~~~~[0m

[96msrc/components/blog/BlogSchematicExplorer.astro[0m:[93m205[0m:[93m9[0m - [93mwarning[0m[90m astro(4000): [0mThis script will be treated as if it has the `is:inline` directive because it contains an attribute. Therefore, features that require processing (e.g. using TypeScript or npm packages in the script) are unavailable.

See docs for more details: https://docs.astro.build/en/guides/client-side-scripts/#script-processing.

Add the `is:inline` directive explicitly to silence this hint.

[7m205[0m <script define:vars={{ variants, initialDiagram: initialVariant.diagram }}>
[7m   [0m [93m        ~~~~~~~~~~~[0m

[96msrc/components/pages/EditorPage.astro[0m:[93m2[0m:[93m27[0m - [93mwarning[0m[90m ts(6133): [0m'getLocalizedPath' is declared but its value is never read.

[7m2[0m import { useTranslations, getLocalizedPath } from '../../theme/i18n';
[7m [0m [93m                          ~~~~~~~~~~~~~~~~[0m
[96msrc/components/pages/EditorPage.astro[0m:[93m333[0m:[93m13[0m - [93mwarning[0m[90m astro(4000): [0mThis script will be treated as if it has the `is:inline` directive because it contains an attribute. Therefore, features that require processing (e.g. using TypeScript or npm packages in the script) are unavailable.

See docs for more details: https://docs.astro.build/en/guides/client-side-scripts/#script-processing.

Add the `is:inline` directive explicitly to silence this hint.

[7m333[0m     <script type="module" src="/js/app.js"></script>
[7m   [0m [93m            ~~~~[0m
[96msrc/components/pages/EditorPage.astro[0m:[93m97[0m:[93m13[0m - [93mwarning[0m[90m astro(4000): [0mThis script will be treated as if it has the `is:inline` directive because it contains an attribute. Therefore, features that require processing (e.g. using TypeScript or npm packages in the script) are unavailable.

See docs for more details: https://docs.astro.build/en/guides/client-side-scripts/#script-processing.

Add the `is:inline` directive explicitly to silence this hint.

[7m97[0m     <script set:html={`window.__I18N__ = ${JSON.stringify(clientI18n)}; window.__EDITOR_MODE__ = "${editorMode}"; window.__EDITOR_CONFIG__ = ${JSON.stringify(editorConfig)};`}></script>
[7m  [0m [93m            ~~~~~~~~[0m

[96msrc/components/pages/HomePage.astro[0m:[93m277[0m:[93m85[0m - [91merror[0m[90m ts(2304): [0mCannot find name 'currentDateFormatted'.

[7m277[0m             <span>Updated: <time itemprop="dateModified" datetime={currentDateIso}>{currentDateFormatted}</time></span>
[7m   [0m [91m                                                                                    ~~~~~~~~~~~~~~~~~~~~[0m
[96msrc/components/pages/HomePage.astro[0m:[93m277[0m:[93m68[0m - [91merror[0m[90m ts(2304): [0mCannot find name 'currentDateIso'.

[7m277[0m             <span>Updated: <time itemprop="dateModified" datetime={currentDateIso}>{currentDateFormatted}</time></span>
[7m   [0m [91m                                                                   ~~~~~~~~~~~~~~[0m
[96msrc/components/pages/HomePage.astro[0m:[93m71[0m:[93m63[0m - [91merror[0m[90m ts(2304): [0mCannot find name 'pageSchema'.

[7m71[0m   <script type="application/ld+json" set:html={JSON.stringify(pageSchema)} />
[7m  [0m [91m                                                              ~~~~~~~~~~[0m
[96msrc/components/pages/HomePage.astro[0m:[93m67[0m:[93m70[0m - [91merror[0m[90m ts(2304): [0mCannot find name 'month'.

[7m67[0m const currentDateFormatted = new Date().toLocaleDateString('en-US', {month: 'short', day: 'numeric', year: 'numeric'});
[7m  [0m [91m                                                                     ~~~~~[0m
[96msrc/components/pages/HomePage.astro[0m:[93m67[0m:[93m117[0m - [91merror[0m[90m ts(1381): [0mUnexpected token. Did you mean `{'}'}` or `&rbrace;`?

[7m67[0m const currentDateFormatted = new Date().toLocaleDateString('en-US', {month: 'short', day: 'numeric', year: 'numeric'});
[7m  [0m [91m                                                                                                                    ~[0m
[96msrc/components/pages/HomePage.astro[0m:[93m67[0m:[93m75[0m - [91merror[0m[90m ts(1005): [0m'}' expected.

[7m67[0m const currentDateFormatted = new Date().toLocaleDateString('en-US', {month: 'short', day: 'numeric', year: 'numeric'});
[7m  [0m [91m                                                                          ~[0m
[96msrc/components/pages/HomePage.astro[0m:[93m64[0m:[93m1[0m - [91merror[0m[90m ts(1381): [0mUnexpected token. Did you mean `{'}'}` or `&rbrace;`?

[7m64[0m };
[7m  [0m [91m~[0m
[96msrc/components/pages/HomePage.astro[0m:[93m62[0m:[93m5[0m - [91merror[0m[90m ts(1381): [0mUnexpected token. Did you mean `{'}'}` or `&rbrace;`?

[7m62[0m     }
[7m  [0m [91m    ~[0m
[96msrc/components/pages/HomePage.astro[0m:[93m60[0m:[93m14[0m - [91merror[0m[90m ts(1005): [0m'}' expected.

[7m60[0m       "@type": "FAQPage",
[7m  [0m [91m             ~[0m
[96msrc/components/pages/HomePage.astro[0m:[93m58[0m:[93m5[0m - [91merror[0m[90m ts(1381): [0mUnexpected token. Did you mean `{'}'}` or `&rbrace;`?

[7m58[0m     },
[7m  [0m [91m    ~[0m
[96msrc/components/pages/HomePage.astro[0m:[93m56[0m:[93m101[0m - [91merror[0m[90m ts(1381): [0mUnexpected token. Did you mean `{'}'}` or `&rbrace;`?

[7m56[0m         { "@type": "ListItem", "position": 1, "name": "Home", "item": "https://circuitdiagram.org/" }
[7m  [0m [91m                                                                                                    ~[0m
[96msrc/components/pages/HomePage.astro[0m:[93m56[0m:[93m18[0m - [91merror[0m[90m ts(1005): [0m'}' expected.

[7m56[0m         { "@type": "ListItem", "position": 1, "name": "Home", "item": "https://circuitdiagram.org/" }
[7m  [0m [91m                 ~[0m
[96msrc/components/pages/HomePage.astro[0m:[93m54[0m:[93m14[0m - [91merror[0m[90m ts(1005): [0m'}' expected.

[7m54[0m       "@type": "BreadcrumbList",
[7m  [0m [91m             ~[0m
[96msrc/components/pages/HomePage.astro[0m:[93m52[0m:[93m5[0m - [91merror[0m[90m ts(1381): [0mUnexpected token. Did you mean `{'}'}` or `&rbrace;`?

[7m52[0m     },
[7m  [0m [91m    ~[0m
[96msrc/components/pages/HomePage.astro[0m:[93m50[0m:[93m14[0m - [91merror[0m[90m ts(1005): [0m'}' expected.

[7m50[0m       "@type": "BlogPosting",
[7m  [0m [91m             ~[0m
[96msrc/components/pages/HomePage.astro[0m:[93m48[0m:[93m5[0m - [91merror[0m[90m ts(1381): [0mUnexpected token. Did you mean `{'}'}` or `&rbrace;`?

[7m48[0m     },
[7m  [0m [91m    ~[0m
[96msrc/components/pages/HomePage.astro[0m:[93m45[0m:[93m75[0m - [91merror[0m[90m ts(1381): [0mUnexpected token. Did you mean `{'}'}` or `&rbrace;`?

[7m45[0m       "author": { "@type": "Person", "name": "Circuit Diagram Maker Team" },
[7m  [0m [91m                                                                          ~[0m
[96msrc/components/pages/HomePage.astro[0m:[93m45[0m:[93m26[0m - [91merror[0m[90m ts(1005): [0m'}' expected.

[7m45[0m       "author": { "@type": "Person", "name": "Circuit Diagram Maker Team" },
[7m  [0m [91m                         ~[0m
[96msrc/components/pages/HomePage.astro[0m:[93m43[0m:[93m14[0m - [91merror[0m[90m ts(1005): [0m'}' expected.

[7m43[0m       "@type": "Article",
[7m  [0m [91m             ~[0m
[96msrc/components/pages/HomePage.astro[0m:[93m40[0m:[93m13[0m - [91merror[0m[90m ts(1005): [0m'}' expected.

[7m40[0m   "@context": "https://schema.org",
[7m  [0m [91m            ~[0m
[96msrc/components/pages/HomePage.astro[0m:[93m71[0m:[93m11[0m - [93mwarning[0m[90m astro(4000): [0mThis script will be treated as if it has the `is:inline` directive because it contains an attribute. Therefore, features that require processing (e.g. using TypeScript or npm packages in the script) are unavailable.

See docs for more details: https://docs.astro.build/en/guides/client-side-scripts/#script-processing.

Add the `is:inline` directive explicitly to silence this hint.

[7m71[0m   <script type="application/ld+json" set:html={JSON.stringify(pageSchema)} />
[7m  [0m [93m          ~~~~[0m

[96msrc/components/pages/InlineKeywordTool.astro[0m:[93m742[0m:[93m15[0m - [93mwarning[0m[90m ts(6133): [0m'minterms' is declared but its value is never read.

[7m742[0m         const minterms = rows.filter(r => r.out === 1).map((_, i) => rows.findIndex((_, j) => j === rows.indexOf(rows.filter(r2 => r2.out === 1)[i])));
[7m   [0m [93m              ~~~~~~~~[0m
[96msrc/components/pages/InlineKeywordTool.astro[0m:[93m579[0m:[93m25[0m - [93mwarning[0m[90m ts(6133): [0m'key' is declared but its value is never read.

[7m579[0m                   const key = newMins.length;
[7m   [0m [93m                        ~~~[0m
[96msrc/components/pages/InlineKeywordTool.astro[0m:[93m440[0m:[93m38[0m - [93mwarning[0m[90m ts(6133): [0m'i' is declared but its value is never read.

[7m440[0m             andOutputs.forEach((out, i) => {
[7m   [0m [93m                                     ~[0m

[96msrc/components/pages/KeywordToolPage.astro[0m:[93m956[0m:[93m47[0m - [91merror[0m[90m ts(7006): [0mParameter 'row' implicitly has an 'any' type.

[7m956[0m                       {section.tableRows.map((row) => (
[7m   [0m [91m                                              ~~~[0m
[96msrc/components/pages/KeywordToolPage.astro[0m:[93m950[0m:[93m52[0m - [91merror[0m[90m ts(7006): [0mParameter 'header' implicitly has an 'any' type.

[7m950[0m                         {section.tableHeaders.map((header) => (
[7m   [0m [91m                                                   ~~~~~~[0m
[96msrc/components/pages/KeywordToolPage.astro[0m:[93m924[0m:[93m54[0m - [91merror[0m[90m ts(7006): [0mParameter 'index' implicitly has an 'any' type.

[7m924[0m                     {section.diagramSteps.map((step, index) => (
[7m   [0m [91m                                                     ~~~~~[0m
[96msrc/components/pages/KeywordToolPage.astro[0m:[93m924[0m:[93m48[0m - [91merror[0m[90m ts(7006): [0mParameter 'step' implicitly has an 'any' type.

[7m924[0m                     {section.diagramSteps.map((step, index) => (
[7m   [0m [91m                                               ~~~~[0m
[96msrc/components/pages/KeywordToolPage.astro[0m:[93m910[0m:[93m54[0m - [91merror[0m[90m ts(7006): [0mParameter 'index' implicitly has an 'any' type.

[7m910[0m                     {section.diagramSteps.map((step, index) => {
[7m   [0m [91m                                                     ~~~~~[0m
[96msrc/components/pages/KeywordToolPage.astro[0m:[93m910[0m:[93m48[0m - [91merror[0m[90m ts(7006): [0mParameter 'step' implicitly has an 'any' type.

[7m910[0m                     {section.diagramSteps.map((step, index) => {
[7m   [0m [91m                                               ~~~~[0m
[96msrc/components/pages/KeywordToolPage.astro[0m:[93m903[0m:[93m64[0m - [91merror[0m[90m ts(7006): [0mParameter 'index' implicitly has an 'any' type.

[7m903[0m                     {section.diagramSteps.slice(0, -1).map((_, index) => {
[7m   [0m [91m                                                               ~~~~~[0m
[96msrc/components/pages/KeywordToolPage.astro[0m:[93m903[0m:[93m61[0m - [91merror[0m[90m ts(7006): [0mParameter '_' implicitly has an 'any' type.

[7m903[0m                     {section.diagramSteps.slice(0, -1).map((_, index) => {
[7m   [0m [91m                                                            ~[0m
[96msrc/components/pages/KeywordToolPage.astro[0m:[93m628[0m:[93m7[0m - [93mwarning[0m[90m ts(6133): [0m'schematicFaqItems' is declared but its value is never read.

[7m628[0m const schematicFaqItems: ToolFaqItem[] = [
[7m   [0m [93m      ~~~~~~~~~~~~~~~~~[0m
[96msrc/components/pages/KeywordToolPage.astro[0m:[93m600[0m:[93m7[0m - [93mwarning[0m[90m ts(6133): [0m'schematicInternalLinks' is declared but its value is never read.

[7m600[0m const schematicInternalLinks = [
[7m   [0m [93m      ~~~~~~~~~~~~~~~~~~~~~~[0m
[96msrc/components/pages/KeywordToolPage.astro[0m:[93m594[0m:[93m7[0m - [93mwarning[0m[90m ts(6133): [0m'schematicNavLinks' is declared but its value is never read.

[7m594[0m const schematicNavLinks = schematicSections.flatMap((section) => {
[7m   [0m [93m      ~~~~~~~~~~~~~~~~~[0m

[96msrc/layouts/BaseLayout.astro[0m:[93m107[0m:[93m192[0m - [93mwarning[0m[90m ts(6133): [0m'media' is declared but its value is never read.

[7m107[0m   <link rel="stylesheet" href="https://fonts.googleapis.com/css2?family=Inter:wght@300;400;500;600;700;800;900&family=JetBrains+Mono:wght@400;500;600&display=swap" media="print" onload="this.media='all'" />
[7m   [0m [93m                                                                                                                                                                                               ~~~~~[0m
[96msrc/layouts/BaseLayout.astro[0m:[93m191[0m:[93m13[0m - [93mwarning[0m[90m astro(4000): [0mThis script will be treated as if it has the `is:inline` directive because it contains an attribute. Therefore, features that require processing (e.g. using TypeScript or npm packages in the script) are unavailable.

See docs for more details: https://docs.astro.build/en/guides/client-side-scripts/#script-processing.

Add the `is:inline` directive explicitly to silence this hint.

[7m191[0m     <script type="application/ld+json" set:html={JSON.stringify(softwareSchema)} />
[7m   [0m [93m            ~~~~[0m
[96msrc/layouts/BaseLayout.astro[0m:[93m187[0m:[93m13[0m - [93mwarning[0m[90m astro(4000): [0mThis script will be treated as if it has the `is:inline` directive because it contains an attribute. Therefore, features that require processing (e.g. using TypeScript or npm packages in the script) are unavailable.

See docs for more details: https://docs.astro.build/en/guides/client-side-scripts/#script-processing.

Add the `is:inline` directive explicitly to silence this hint.

[7m187[0m     <script type="application/ld+json" set:html={JSON.stringify(breadcrumbSchema)} />
[7m   [0m [93m            ~~~~[0m
[96msrc/layouts/BaseLayout.astro[0m:[93m141[0m:[93m11[0m - [93mwarning[0m[90m astro(4000): [0mThis script will be treated as if it has the `is:inline` directive because it contains an attribute. Therefore, features that require processing (e.g. using TypeScript or npm packages in the script) are unavailable.

See docs for more details: https://docs.astro.build/en/guides/client-side-scripts/#script-processing.

Add the `is:inline` directive explicitly to silence this hint.

[7m141[0m   <script type="application/ld+json" set:html={JSON.stringify({
[7m   [0m [93m          ~~~~[0m

[96msrc/pages/contact-us.astro[0m:[93m3[0m:[93m45[0m - [93mwarning[0m[90m ts(6133): [0m'getLocalizedPath' is declared but its value is never read.

[7m3[0m import { getLocaleFromUrl, useTranslations, getLocalizedPath } from '../theme/i18n';
[7m [0m [93m                                            ~~~~~~~~~~~~~~~~[0m
[96msrc/pages/contact-us.astro[0m:[93m3[0m:[93m10[0m - [93mwarning[0m[90m ts(6133): [0m'getLocaleFromUrl' is declared but its value is never read.

[7m3[0m import { getLocaleFromUrl, useTranslations, getLocalizedPath } from '../theme/i18n';
[7m [0m [93m         ~~~~~~~~~~~~~~~~[0m

[96msrc/pages/privacy.astro[0m:[93m3[0m:[93m45[0m - [93mwarning[0m[90m ts(6133): [0m'getLocalizedPath' is declared but its value is never read.

[7m3[0m import { getLocaleFromUrl, useTranslations, getLocalizedPath } from '../theme/i18n';
[7m [0m [93m                                            ~~~~~~~~~~~~~~~~[0m
[96msrc/pages/privacy.astro[0m:[93m3[0m:[93m10[0m - [93mwarning[0m[90m ts(6133): [0m'getLocaleFromUrl' is declared but its value is never read.

[7m3[0m import { getLocaleFromUrl, useTranslations, getLocalizedPath } from '../theme/i18n';
[7m [0m [93m         ~~~~~~~~~~~~~~~~[0m

[96msrc/pages/sitemap.astro[0m:[93m3[0m:[93m19[0m - [93mwarning[0m[90m ts(6133): [0m'defaultLocale' is declared but its value is never read.

[7m3[0m import { locales, defaultLocale, getLocalizedPath } from '../theme/i18n';
[7m [0m [93m                  ~~~~~~~~~~~~~[0m

[96msrc/pages/terms.astro[0m:[93m3[0m:[93m10[0m - [93mwarning[0m[90m ts(6133): [0m'getLocaleFromUrl' is declared but its value is never read.

[7m3[0m import { getLocaleFromUrl, useTranslations, getLocalizedPath } from '../theme/i18n';
[7m [0m [93m         ~~~~~~~~~~~~~~~~[0m

[96msrc/pages/[locale]/contact-us.astro[0m:[93m3[0m:[93m51[0m - [93mwarning[0m[90m ts(6133): [0m'getLocalizedPath' is declared but its value is never read.

[7m3[0m import { locales, defaultLocale, useTranslations, getLocalizedPath } from '../../theme/i18n';
[7m [0m [93m                                                  ~~~~~~~~~~~~~~~~[0m

[96msrc/pages/[locale]/schematic-to-breadboard.astro[0m:[93m10[0m:[93m7[0m - [93mwarning[0m[90m ts(6133): [0m'locale' is declared but its value is never read.

[7m10[0m const { locale } = Astro.params;
[7m  [0m [93m      ~~~~~~~~~~[0m

[96msrc/pages/[locale]/blog/[...page].astro[0m:[93m89[0m:[93m11[0m - [93mwarning[0m[90m astro(4000): [0mThis script will be treated as if it has the `is:inline` directive because it contains an attribute. Therefore, features that require processing (e.g. using TypeScript or npm packages in the script) are unavailable.

See docs for more details: https://docs.astro.build/en/guides/client-side-scripts/#script-processing.

Add the `is:inline` directive explicitly to silence this hint.

[7m89[0m   <script type="application/ld+json" set:html={JSON.stringify(blogSchema)} />
[7m  [0m [93m          ~~~~[0m

[96msrc/pages/[locale]/blog/[slug].astro[0m:[93m125[0m:[93m11[0m - [93mwarning[0m[90m astro(4000): [0mThis script will be treated as if it has the `is:inline` directive because it contains an attribute. Therefore, features that require processing (e.g. using TypeScript or npm packages in the script) are unavailable.

See docs for more details: https://docs.astro.build/en/guides/client-side-scripts/#script-processing.

Add the `is:inline` directive explicitly to silence this hint.

[7m125[0m   <script type="application/ld+json" set:html={JSON.stringify(breadcrumbSchema)} />
[7m   [0m [93m          ~~~~[0m
[96msrc/pages/[locale]/blog/[slug].astro[0m:[93m124[0m:[93m11[0m - [93mwarning[0m[90m astro(4000): [0mThis script will be treated as if it has the `is:inline` directive because it contains an attribute. Therefore, features that require processing (e.g. using TypeScript or npm packages in the script) are unavailable.

See docs for more details: https://docs.astro.build/en/guides/client-side-scripts/#script-processing.

Add the `is:inline` directive explicitly to silence this hint.

[7m124[0m   <script type="application/ld+json" set:html={JSON.stringify(articleSchema)} />
[7m   [0m [93m          ~~~~[0m

[96msrc/pages/blog/[...page].astro[0m:[93m42[0m:[93m11[0m - [93mwarning[0m[90m astro(4000): [0mThis script will be treated as if it has the `is:inline` directive because it contains an attribute. Therefore, features that require processing (e.g. using TypeScript or npm packages in the script) are unavailable.

See docs for more details: https://docs.astro.build/en/guides/client-side-scripts/#script-processing.

Add the `is:inline` directive explicitly to silence this hint.

[7m42[0m   <script type="application/ld+json" set:html={JSON.stringify(blogSchema)} />
[7m  [0m [93m          ~~~~[0m

[96msrc/pages/blog/[slug].astro[0m:[93m74[0m:[93m11[0m - [93mwarning[0m[90m astro(4000): [0mThis script will be treated as if it has the `is:inline` directive because it contains an attribute. Therefore, features that require processing (e.g. using TypeScript or npm packages in the script) are unavailable.

See docs for more details: https://docs.astro.build/en/guides/client-side-scripts/#script-processing.

Add the `is:inline` directive explicitly to silence this hint.

[7m74[0m   <script type="application/ld+json" set:html={JSON.stringify(breadcrumbSchema)} />
[7m  [0m [93m          ~~~~[0m
[96msrc/pages/blog/[slug].astro[0m:[93m73[0m:[93m11[0m - [93mwarning[0m[90m astro(4000): [0mThis script will be treated as if it has the `is:inline` directive because it contains an attribute. Therefore, features that require processing (e.g. using TypeScript or npm packages in the script) are unavailable.

See docs for more details: https://docs.astro.build/en/guides/client-side-scripts/#script-processing.

Add the `is:inline` directive explicitly to silence this hint.

[7m73[0m   <script type="application/ld+json" set:html={JSON.stringify(articleSchema)} />
[7m  [0m [93m          ~~~~[0m

Result (101 files): 
- 34 errors
- 0 warnings
- 93 hints

